<?xml version="1.0" encoding="UTF-8"?>
<robot generator="Robot 3.2.2 (Python 3.8.3 on darwin)" generated="20201126 10:11:04.971" rpa="false">
<suite id="s1" name="Group Scenarios" source="/Users/v.rehemae/PycharmProjects/python_trening/rf/group_scenarios.robot">
<kw name="Init Fixtures" type="setup">
<msg timestamp="20201126 10:11:05.013" level="FAIL">No keyword with name 'Init Fixtures' found.</msg>
<status status="FAIL" starttime="20201126 10:11:05.013" endtime="20201126 10:11:05.013"></status>
</kw>
<test id="s1-t1" name="Add new group">
<status status="FAIL" starttime="20201126 10:11:05.013" endtime="20201126 10:11:05.014" critical="yes">Parent suite setup failed:
No keyword with name 'Init Fixtures' found.</status>
</test>
<kw name="Destroy Fixtures" type="teardown">
<msg timestamp="20201126 10:11:05.017" level="FAIL">No keyword with name 'Destroy Fixtures' found.</msg>
<status status="FAIL" starttime="20201126 10:11:05.017" endtime="20201126 10:11:05.017">No keyword with name 'Destroy Fixtures' found.</status>
</kw>
<status status="FAIL" starttime="20201126 10:11:04.972" endtime="20201126 10:11:05.017">Suite setup failed:
No keyword with name 'Init Fixtures' found.

Also suite teardown failed:
No keyword with name 'Destroy Fixtures' found.</status>
</suite>
<statistics>
<total>
<stat pass="0" fail="1">Critical Tests</stat>
<stat pass="0" fail="1">All Tests</stat>
</total>
<tag>
</tag>
<suite>
<stat pass="0" fail="1" id="s1" name="Group Scenarios">Group Scenarios</stat>
</suite>
</statistics>
<errors>
<msg timestamp="20201126 10:11:05.010" level="ERROR">Error in file '/Users/v.rehemae/PycharmProjects/python_trening/rf/group_scenarios.robot' on line 2: Importing test library 'rf.AddressBook' failed: ModuleNotFoundError: No module named 'rf'
Traceback (most recent call last):
  None
PYTHONPATH:
  /Library/Frameworks/Python.framework/Versions/3.8/bin
  /Library/Frameworks/Python.framework/Versions/3.8/lib/python38.zip
  /Library/Frameworks/Python.framework/Versions/3.8/lib/python3.8
  /Library/Frameworks/Python.framework/Versions/3.8/lib/python3.8/lib-dynload
  /Users/v.rehemae/Library/Python/3.8/lib/python/site-packages
  /Library/Frameworks/Python.framework/Versions/3.8/lib/python3.8/site-packages</msg>
</errors>
</robot>
